Determining if the pthread_create exist failed with the following output:
Change Dir: /home/renzhi/ROS_Learning/Beginner_Tutorials/catkin_ws/build/CMakeFiles/CMakeTmp

Run Build Command:/usr/bin/make "cmTryCompileExec887961478/fast"
/usr/bin/make -f CMakeFiles/cmTryCompileExec887961478.dir/build.make CMakeFiles/cmTryCompileExec887961478.dir/build
make[1]: Entering directory `/home/renzhi/ROS_Learning/Beginner_Tutorials/catkin_ws/build/CMakeFiles/CMakeTmp'
/usr/bin/cmake -E cmake_progress_report /home/renzhi/ROS_Learning/Beginner_Tutorials/catkin_ws/build/CMakeFiles/CMakeTmp/CMakeFiles 1
Building C object CMakeFiles/cmTryCompileExec887961478.dir/CheckSymbolExists.c.o
/usr/bin/cc    -o CMakeFiles/cmTryCompileExec887961478.dir/CheckSymbolExists.c.o   -c /home/renzhi/ROS_Learning/Beginner_Tutorials/catkin_ws/build/CMakeFiles/CMakeTmp/CheckSymbolExists.c
Linking C executable cmTryCompileExec887961478
/usr/bin/cmake -E cmake_link_script CMakeFiles/cmTryCompileExec887961478.dir/link.txt --verbose=1
/usr/bin/cc       CMakeFiles/cmTryCompileExec887961478.dir/CheckSymbolExists.c.o  -o cmTryCompileExec887961478 -rdynamic 
CMakeFiles/cmTryCompileExec887961478.dir/CheckSymbolExists.c.o: In function `main':
CheckSymbolExists.c:(.text+0x16): undefined reference to `pthread_create'
collect2: error: ld returned 1 exit status
make[1]: *** [cmTryCompileExec887961478] Error 1
make[1]: Leaving directory `/home/renzhi/ROS_Learning/Beginner_Tutorials/catkin_ws/build/CMakeFiles/CMakeTmp'
make: *** [cmTryCompileExec887961478/fast] Error 2

File /home/renzhi/ROS_Learning/Beginner_Tutorials/catkin_ws/build/CMakeFiles/CMakeTmp/CheckSymbolExists.c:
/* */
#include <pthread.h>

int main(int argc, char** argv)
{
  (void)argv;
#ifndef pthread_create
  return ((int*)(&pthread_create))[argc];
#else
  (void)argc;
  return 0;
#endif
}

Determining if the function pthread_create exists in the pthreads failed with the following output:
Change Dir: /home/renzhi/ROS_Learning/Beginner_Tutorials/catkin_ws/build/CMakeFiles/CMakeTmp

Run Build Command:/usr/bin/make "cmTryCompileExec2741130278/fast"
/usr/bin/make -f CMakeFiles/cmTryCompileExec2741130278.dir/build.make CMakeFiles/cmTryCompileExec2741130278.dir/build
make[1]: Entering directory `/home/renzhi/ROS_Learning/Beginner_Tutorials/catkin_ws/build/CMakeFiles/CMakeTmp'
/usr/bin/cmake -E cmake_progress_report /home/renzhi/ROS_Learning/Beginner_Tutorials/catkin_ws/build/CMakeFiles/CMakeTmp/CMakeFiles 1
Building C object CMakeFiles/cmTryCompileExec2741130278.dir/CheckFunctionExists.c.o
/usr/bin/cc   -DCHECK_FUNCTION_EXISTS=pthread_create   -o CMakeFiles/cmTryCompileExec2741130278.dir/CheckFunctionExists.c.o   -c /usr/share/cmake-2.8/Modules/CheckFunctionExists.c
Linking C executable cmTryCompileExec2741130278
/usr/bin/cmake -E cmake_link_script CMakeFiles/cmTryCompileExec2741130278.dir/link.txt --verbose=1
/usr/bin/cc   -DCHECK_FUNCTION_EXISTS=pthread_create    CMakeFiles/cmTryCompileExec2741130278.dir/CheckFunctionExists.c.o  -o cmTryCompileExec2741130278 -rdynamic -lpthreads 
/usr/bin/ld: cannot find -lpthreads
collect2: error: ld returned 1 exit status
make[1]: *** [cmTryCompileExec2741130278] Error 1
make[1]: Leaving directory `/home/renzhi/ROS_Learning/Beginner_Tutorials/catkin_ws/build/CMakeFiles/CMakeTmp'
make: *** [cmTryCompileExec2741130278/fast] Error 2


